<?xml version="1.0" encoding="UTF-8"?>
<!-- Generated by org.testng.reporters.JUnitReportReporter -->
<testsuite hostname="DESKTOP-1KV4RLQ" failures="0" tests="2" name="dataprovider.Data" time="47.802" errors="0" timestamp="21 Jul 2022 03:50:50 GMT">
  <testcase classname="dataprovider.Data" name="login" time="30.691"/>
  <testcase classname="dataprovider.Data" name="login" time="17.111"/>
</testsuite> <!-- dataprovider.Data -->
