<?xml version="1.0" encoding="UTF-8"?>
<!-- Generated by org.testng.reporters.JUnitReportReporter -->
<testsuite hostname="DESKTOP-1KV4RLQ" failures="0" tests="1" name="dataprovider.Ignorecare" time="0.016" errors="0" timestamp="22 Jul 2022 02:55:20 GMT">
  <testcase classname="dataprovider.Ignorecare" name="test2" time="0.016"/>
</testsuite> <!-- dataprovider.Ignorecare -->
