<?xml version="1.0" encoding="UTF-8"?>
<!-- Generated by org.testng.reporters.JUnitReportReporter -->
<testsuite hostname="DESKTOP-1KV4RLQ" failures="0" tests="4" name="dataprovider.Dependence" time="29.841" errors="0" timestamp="19 Jul 2022 03:50:38 GMT">
  <testcase classname="dataprovider.Dependence" name="setup" time="0.953"/>
  <testcase classname="dataprovider.Dependence" name="close" time="4.481"/>
  <testcase classname="dataprovider.Dependence" name="login" time="24.159"/>
  <testcase classname="dataprovider.Dependence" name="creartNewAccount" time="0.248"/>
</testsuite> <!-- dataprovider.Dependence -->
