<?xml version="1.0" encoding="UTF-8"?>
<!-- Generated by org.testng.reporters.JUnitReportReporter -->
<testsuite hostname="DESKTOP-1KV4RLQ" failures="0" tests="1" name="testpackage.TC_003_Login_Test" time="34.755" errors="0" timestamp="15 Jul 2022 17:42:39 GMT">
  <testcase classname="testpackage.TC_003_Login_Test" name="validlogin" time="34.755"/>
</testsuite> <!-- testpackage.TC_003_Login_Test -->
