<?xml version="1.0" encoding="UTF-8"?>
<!-- Generated by org.testng.reporters.JUnitReportReporter -->
<testsuite hostname="DESKTOP-1KV4RLQ" failures="0" tests="1" name="testpackage.TC_004_Annotations" time="43.596" errors="0" timestamp="18 Jul 2022 04:24:54 GMT">
  <testcase classname="testpackage.TC_004_Annotations" name="amazon" time="43.596"/>
</testsuite> <!-- testpackage.TC_004_Annotations -->
