<?xml version="1.0" encoding="UTF-8"?>
<!-- Generated by org.testng.reporters.JUnitReportReporter -->
<testsuite hostname="DESKTOP-1KV4RLQ" failures="0" tests="3" name="dataprovider.gouping" time="0.020" errors="0" timestamp="26 Jul 2022 03:16:17 GMT">
  <testcase classname="dataprovider.gouping" name="test5" time="0.002"/>
  <testcase classname="dataprovider.gouping" name="test4" time="0.017"/>
  <testcase classname="dataprovider.gouping" name="test6" time="0.001"/>
</testsuite> <!-- dataprovider.gouping -->
