<?xml version="1.0" encoding="UTF-8"?>
<!-- Generated by org.testng.reporters.JUnitReportReporter -->
<testsuite hostname="DESKTOP-1KV4RLQ" failures="0" tests="4" name="dataprovider.Parameter" time="101.995" errors="0" timestamp="19 Jul 2022 04:28:39 GMT">
  <testcase classname="dataprovider.Parameter" name="login" time="17.811"/>
  <testcase classname="dataprovider.Parameter" name="login" time="35.764"/>
  <testcase classname="dataprovider.Parameter" name="login" time="31.044"/>
  <testcase classname="dataprovider.Parameter" name="login" time="17.376"/>
</testsuite> <!-- dataprovider.Parameter -->
